# JRE version: OpenJDK Runtime Environment (11.0.13) (build 11.0.13+0-b1751.21-8125866)
# Java VM: OpenJDK 64-Bit Server VM (11.0.13+0-b1751.21-8125866, mixed mode, tiered, compressed oops, g1 gc, windows-amd64)
Heap:
 garbage-first heap   total 1028096K, used 310272K [0x0000000080000000, 0x0000000100000000)
  region size 1024K, 9 young (9216K), 9 survivors (9216K)
 Metaspace       used 103649K, capacity 106075K, committed 106408K, reserved 1140736K
  class space    used 13388K, capacity 14282K, committed 14360K, reserved 1048576K
GC Heap History (20 events):
Event: 17.534 GC heap after
{Heap after GC invocations=23 (full 0):
 garbage-first heap   total 280576K, used 141821K [0x0000000080000000, 0x0000000100000000)
  region size 1024K, 3 young (3072K), 3 survivors (3072K)
 Metaspace       used 100459K, capacity 102743K, committed 103336K, reserved 1138688K
  class space    used 12816K, capacity 13639K, committed 13848K, reserved 1048576K
}
Event: 17.894 GC heap before
{Heap before GC invocations=24 (full 0):
 garbage-first heap   total 280576K, used 270845K [0x0000000080000000, 0x0000000100000000)
  region size 1024K, 80 young (81920K), 3 survivors (3072K)
 Metaspace       used 100785K, capacity 103039K, committed 103592K, reserved 1138688K
  class space    used 12859K, capacity 13673K, committed 13848K, reserved 1048576K
}
Event: 17.918 GC heap after
{Heap after GC invocations=25 (full 0):
 garbage-first heap   total 301056K, used 188271K [0x0000000080000000, 0x0000000100000000)
  region size 1024K, 10 young (10240K), 10 survivors (10240K)
 Metaspace       used 100785K, capacity 103039K, committed 103592K, reserved 1138688K
  class space    used 12859K, capacity 13673K, committed 13848K, reserved 1048576K
}
Event: 17.921 GC heap before
{Heap before GC invocations=25 (full 0):
 garbage-first heap   total 301056K, used 188271K [0x0000000080000000, 0x0000000100000000)
  region size 1024K, 11 young (11264K), 10 survivors (10240K)
 Metaspace       used 100785K, capacity 103039K, committed 103592K, reserved 1138688K
  class space    used 12859K, capacity 13673K, committed 13848K, reserved 1048576K
}
Event: 17.931 GC heap after
{Heap after GC invocations=26 (full 0):
 garbage-first heap   total 301056K, used 190061K [0x0000000080000000, 0x0000000100000000)
  region size 1024K, 1 young (1024K), 1 survivors (1024K)
 Metaspace       used 100785K, capacity 103039K, committed 103592K, reserved 1138688K
  class space    used 12859K, capacity 13673K, committed 13848K, reserved 1048576K
}
Event: 18.099 GC heap before
{Heap before GC invocations=26 (full 0):
 garbage-first heap   total 301056K, used 224877K [0x0000000080000000, 0x0000000100000000)
  region size 1024K, 34 young (34816K), 1 survivors (1024K)
 Metaspace       used 100800K, capacity 103039K, committed 103592K, reserved 1138688K
  class space    used 12859K, capacity 13673K, committed 13848K, reserved 1048576K
}
Event: 18.115 GC heap after
{Heap after GC invocations=27 (full 0):
 garbage-first heap   total 301056K, used 202357K [0x0000000080000000, 0x0000000100000000)
  region size 1024K, 5 young (5120K), 5 survivors (5120K)
 Metaspace       used 100800K, capacity 103039K, committed 103592K, reserved 1138688K
  class space    used 12859K, capacity 13673K, committed 13848K, reserved 1048576K
}
Event: 18.241 GC heap before
{Heap before GC invocations=27 (full 0):
 garbage-first heap   total 301056K, used 235125K [0x0000000080000000, 0x0000000100000000)
  region size 1024K, 35 young (35840K), 5 survivors (5120K)
 Metaspace       used 100883K, capacity 103209K, committed 103720K, reserved 1138688K
  class space    used 12877K, capacity 13751K, committed 13976K, reserved 1048576K
}
Event: 18.263 GC heap after
{Heap after GC invocations=28 (full 0):
 garbage-first heap   total 301056K, used 212992K [0x0000000080000000, 0x0000000100000000)
  region size 1024K, 5 young (5120K), 5 survivors (5120K)
 Metaspace       used 100883K, capacity 103209K, committed 103720K, reserved 1138688K
  class space    used 12877K, capacity 13751K, committed 13976K, reserved 1048576K
}
Event: 18.373 GC heap before
{Heap before GC invocations=29 (full 0):
 garbage-first heap   total 301056K, used 242688K [0x0000000080000000, 0x0000000100000000)
  region size 1024K, 32 young (32768K), 5 survivors (5120K)
 Metaspace       used 101145K, capacity 103522K, committed 103976K, reserved 1138688K
  class space    used 12914K, capacity 13790K, committed 13976K, reserved 1048576K
}
Event: 18.395 GC heap after
{Heap after GC invocations=30 (full 0):
 garbage-first heap   total 301056K, used 222030K [0x0000000080000000, 0x0000000100000000)
  region size 1024K, 4 young (4096K), 4 survivors (4096K)
 Metaspace       used 101145K, capacity 103522K, committed 103976K, reserved 1138688K
  class space    used 12914K, capacity 13790K, committed 13976K, reserved 1048576K
}
Event: 18.424 GC heap before
{Heap before GC invocations=30 (full 0):
 garbage-first heap   total 301056K, used 232270K [0x0000000080000000, 0x0000000100000000)
  region size 1024K, 14 young (14336K), 4 survivors (4096K)
 Metaspace       used 101228K, capacity 103533K, committed 103976K, reserved 1138688K
  class space    used 12929K, capacity 13794K, committed 13976K, reserved 1048576K
}
Event: 18.445 GC heap after
{Heap after GC invocations=31 (full 0):
 garbage-first heap   total 452608K, used 223689K [0x0000000080000000, 0x0000000100000000)
  region size 1024K, 2 young (2048K), 2 survivors (2048K)
 Metaspace       used 101228K, capacity 103533K, committed 103976K, reserved 1138688K
  class space    used 12929K, capacity 13794K, committed 13976K, reserved 1048576K
}
Event: 18.882 GC heap before
{Heap before GC invocations=31 (full 0):
 garbage-first heap   total 452608K, used 298441K [0x0000000080000000, 0x0000000100000000)
  region size 1024K, 75 young (76800K), 2 survivors (2048K)
 Metaspace       used 103586K, capacity 106001K, committed 106152K, reserved 1140736K
  class space    used 13387K, capacity 14280K, committed 14360K, reserved 1048576K
}
Event: 18.914 GC heap after
{Heap after GC invocations=32 (full 0):
 garbage-first heap   total 452608K, used 237149K [0x0000000080000000, 0x0000000100000000)
  region size 1024K, 10 young (10240K), 10 survivors (10240K)
 Metaspace       used 103586K, capacity 106001K, committed 106152K, reserved 1140736K
  class space    used 13387K, capacity 14280K, committed 14360K, reserved 1048576K
}
Event: 19.135 GC heap before
{Heap before GC invocations=32 (full 0):
 garbage-first heap   total 452608K, used 312925K [0x0000000080000000, 0x0000000100000000)
  region size 1024K, 84 young (86016K), 10 survivors (10240K)
 Metaspace       used 103636K, capacity 106075K, committed 106408K, reserved 1140736K
  class space    used 13388K, capacity 14282K, committed 14360K, reserved 1048576K
}
Event: 19.260 GC heap after
{Heap after GC invocations=33 (full 0):
 garbage-first heap   total 452608K, used 263521K [0x0000000080000000, 0x0000000100000000)
  region size 1024K, 11 young (11264K), 11 survivors (11264K)
 Metaspace       used 103636K, capacity 106075K, committed 106408K, reserved 1140736K
  class space    used 13388K, capacity 14282K, committed 14360K, reserved 1048576K
}
Event: 19.430 GC heap before
{Heap before GC invocations=33 (full 0):
 garbage-first heap   total 452608K, used 327009K [0x0000000080000000, 0x0000000100000000)
  region size 1024K, 76 young (77824K), 11 survivors (11264K)
 Metaspace       used 103648K, capacity 106075K, committed 106408K, reserved 1140736K
  class space    used 13388K, capacity 14282K, committed 14360K, reserved 1048576K
}
Event: 19.465 GC heap after
{Heap after GC invocations=34 (full 0):
 garbage-first heap   total 452608K, used 285662K [0x0000000080000000, 0x0000000100000000)
  region size 1024K, 10 young (10240K), 10 survivors (10240K)
 Metaspace       used 103648K, capacity 106075K, committed 106408K, reserved 1140736K
  class space    used 13388K, capacity 14282K, committed 14360K, reserved 1048576K
}
Event: 19.794 GC heap before
{Heap before GC invocations=35 (full 0):
 garbage-first heap   total 452608K, used 343006K [0x0000000080000000, 0x0000000100000000)
  region size 1024K, 67 young (68608K), 10 survivors (10240K)
 Metaspace       used 103649K, capacity 106075K, committed 106408K, reserved 1140736K
  class space    used 13388K, capacity 14282K, committed 14360K, reserved 1048576K
}

