# JRE version: OpenJDK Runtime Environment (11.0.13) (build 11.0.13+0-b1751.21-8125866)
# Java VM: OpenJDK 64-Bit Server VM (11.0.13+0-b1751.21-8125866, mixed mode, tiered, compressed oops, g1 gc, windows-amd64)
Heap:
 garbage-first heap   total 793600K, used 275456K [0x0000000080000000, 0x0000000100000000)
  region size 1024K, 13 young (13312K), 13 survivors (13312K)
 Metaspace       used 102231K, capacity 104698K, committed 105040K, reserved 1140736K
  class space    used 13241K, capacity 14144K, committed 14240K, reserved 1048576K
GC Heap History (20 events):
Event: 18.016 GC heap after
{Heap after GC invocations=23 (full 0):
 garbage-first heap   total 239616K, used 146434K [0x0000000080000000, 0x0000000100000000)
  region size 1024K, 2 young (2048K), 2 survivors (2048K)
 Metaspace       used 98400K, capacity 100653K, committed 101072K, reserved 1136640K
  class space    used 12609K, capacity 13453K, committed 13600K, reserved 1048576K
}
Event: 18.023 GC heap before
{Heap before GC invocations=23 (full 0):
 garbage-first heap   total 239616K, used 154626K [0x0000000080000000, 0x0000000100000000)
  region size 1024K, 12 young (12288K), 2 survivors (2048K)
 Metaspace       used 98407K, capacity 100717K, committed 101328K, reserved 1136640K
  class space    used 12609K, capacity 13453K, committed 13600K, reserved 1048576K
}
Event: 18.026 GC heap after
{Heap after GC invocations=24 (full 0):
 garbage-first heap   total 239616K, used 150073K [0x0000000080000000, 0x0000000100000000)
  region size 1024K, 5 young (5120K), 5 survivors (5120K)
 Metaspace       used 98407K, capacity 100717K, committed 101328K, reserved 1136640K
  class space    used 12609K, capacity 13453K, committed 13600K, reserved 1048576K
}
Event: 18.323 GC heap before
{Heap before GC invocations=24 (full 0):
 garbage-first heap   total 239616K, used 231993K [0x0000000080000000, 0x0000000100000000)
  region size 1024K, 52 young (53248K), 5 survivors (5120K)
 Metaspace       used 98923K, capacity 101269K, committed 101968K, reserved 1138688K
  class space    used 12664K, capacity 13487K, committed 13728K, reserved 1048576K
}
Event: 18.342 GC heap after
{Heap after GC invocations=25 (full 0):
 garbage-first heap   total 303104K, used 176640K [0x0000000080000000, 0x0000000100000000)
  region size 1024K, 7 young (7168K), 7 survivors (7168K)
 Metaspace       used 98923K, capacity 101269K, committed 101968K, reserved 1138688K
  class space    used 12664K, capacity 13487K, committed 13728K, reserved 1048576K
}
Event: 18.592 GC heap before
{Heap before GC invocations=26 (full 0):
 garbage-first heap   total 303104K, used 219648K [0x0000000080000000, 0x0000000100000000)
  region size 1024K, 51 young (52224K), 7 survivors (7168K)
 Metaspace       used 99405K, capacity 101734K, committed 102224K, reserved 1138688K
  class space    used 12729K, capacity 13581K, committed 13728K, reserved 1048576K
}
Event: 18.618 GC heap after
{Heap after GC invocations=27 (full 0):
 garbage-first heap   total 303104K, used 189164K [0x0000000080000000, 0x0000000100000000)
  region size 1024K, 9 young (9216K), 9 survivors (9216K)
 Metaspace       used 99405K, capacity 101734K, committed 102224K, reserved 1138688K
  class space    used 12729K, capacity 13581K, committed 13728K, reserved 1048576K
}
Event: 18.828 GC heap before
{Heap before GC invocations=27 (full 0):
 garbage-first heap   total 303104K, used 241388K [0x0000000080000000, 0x0000000100000000)
  region size 1024K, 58 young (59392K), 9 survivors (9216K)
 Metaspace       used 99696K, capacity 102050K, committed 102480K, reserved 1138688K
  class space    used 12767K, capacity 13621K, committed 13728K, reserved 1048576K
}
Event: 18.852 GC heap after
{Heap after GC invocations=28 (full 0):
 garbage-first heap   total 303104K, used 199501K [0x0000000080000000, 0x0000000100000000)
  region size 1024K, 8 young (8192K), 8 survivors (8192K)
 Metaspace       used 99696K, capacity 102050K, committed 102480K, reserved 1138688K
  class space    used 12767K, capacity 13621K, committed 13728K, reserved 1048576K
}
Event: 19.031 GC heap before
{Heap before GC invocations=28 (full 0):
 garbage-first heap   total 303104K, used 248653K [0x0000000080000000, 0x0000000100000000)
  region size 1024K, 54 young (55296K), 8 survivors (8192K)
 Metaspace       used 99705K, capacity 102053K, committed 102480K, reserved 1138688K
  class space    used 12768K, capacity 13622K, committed 13728K, reserved 1048576K
}
Event: 19.058 GC heap after
{Heap after GC invocations=29 (full 0):
 garbage-first heap   total 303104K, used 209269K [0x0000000080000000, 0x0000000100000000)
  region size 1024K, 7 young (7168K), 7 survivors (7168K)
 Metaspace       used 99705K, capacity 102053K, committed 102480K, reserved 1138688K
  class space    used 12768K, capacity 13622K, committed 13728K, reserved 1048576K
}
Event: 19.184 GC heap before
{Heap before GC invocations=30 (full 0):
 garbage-first heap   total 303104K, used 252277K [0x0000000080000000, 0x0000000100000000)
  region size 1024K, 48 young (49152K), 7 survivors (7168K)
 Metaspace       used 99720K, capacity 102059K, committed 102480K, reserved 1138688K
  class space    used 12769K, capacity 13624K, committed 13728K, reserved 1048576K
}
Event: 19.227 GC heap after
{Heap after GC invocations=31 (full 0):
 garbage-first heap   total 466944K, used 218112K [0x0000000080000000, 0x0000000100000000)
  region size 1024K, 6 young (6144K), 6 survivors (6144K)
 Metaspace       used 99720K, capacity 102059K, committed 102480K, reserved 1138688K
  class space    used 12769K, capacity 13624K, committed 13728K, reserved 1048576K
}
Event: 19.282 GC heap before
{Heap before GC invocations=31 (full 0):
 garbage-first heap   total 466944K, used 234496K [0x0000000080000000, 0x0000000100000000)
  region size 1024K, 22 young (22528K), 6 survivors (6144K)
 Metaspace       used 99862K, capacity 102227K, committed 102608K, reserved 1138688K
  class space    used 12790K, capacity 13659K, committed 13856K, reserved 1048576K
}
Event: 19.301 GC heap after
{Heap after GC invocations=32 (full 0):
 garbage-first heap   total 466944K, used 220814K [0x0000000080000000, 0x0000000100000000)
  region size 1024K, 3 young (3072K), 3 survivors (3072K)
 Metaspace       used 99862K, capacity 102227K, committed 102608K, reserved 1138688K
  class space    used 12790K, capacity 13659K, committed 13856K, reserved 1048576K
}
Event: 19.687 GC heap before
{Heap before GC invocations=32 (full 0):
 garbage-first heap   total 466944K, used 313998K [0x0000000080000000, 0x0000000100000000)
  region size 1024K, 94 young (96256K), 3 survivors (3072K)
 Metaspace       used 102165K, capacity 104630K, committed 104784K, reserved 1140736K
  class space    used 13241K, capacity 14144K, committed 14240K, reserved 1048576K
}
Event: 19.715 GC heap after
{Heap after GC invocations=33 (full 0):
 garbage-first heap   total 466944K, used 236225K [0x0000000080000000, 0x0000000100000000)
  region size 1024K, 12 young (12288K), 12 survivors (12288K)
 Metaspace       used 102165K, capacity 104630K, committed 104784K, reserved 1140736K
  class space    used 13241K, capacity 14144K, committed 14240K, reserved 1048576K
}
Event: 19.967 GC heap before
{Heap before GC invocations=33 (full 0):
 garbage-first heap   total 466944K, used 329409K [0x0000000080000000, 0x0000000100000000)
  region size 1024K, 103 young (105472K), 12 survivors (12288K)
 Metaspace       used 102177K, capacity 104630K, committed 104784K, reserved 1140736K
  class space    used 13241K, capacity 14144K, committed 14240K, reserved 1048576K
}
Event: 20.006 GC heap after
{Heap after GC invocations=34 (full 0):
 garbage-first heap   total 466944K, used 257289K [0x0000000080000000, 0x0000000100000000)
  region size 1024K, 13 young (13312K), 13 survivors (13312K)
 Metaspace       used 102177K, capacity 104630K, committed 104784K, reserved 1140736K
  class space    used 13241K, capacity 14144K, committed 14240K, reserved 1048576K
}
Event: 20.284 GC heap before
{Heap before GC invocations=34 (full 0):
 garbage-first heap   total 466944K, used 342281K [0x0000000080000000, 0x0000000100000000)
  region size 1024K, 98 young (100352K), 13 survivors (13312K)
 Metaspace       used 102231K, capacity 104698K, committed 105040K, reserved 1140736K
  class space    used 13241K, capacity 14144K, committed 14240K, reserved 1048576K
}

